<?xml version="1.0" encoding="UTF-8"?>
<!-- Generated by org.testng.reporters.JUnitReportReporter -->
<testsuite hostname="LAPTOP-069RS4GH" failures="0" tests="1" name="com.crm.Actitime.testscript.CreateCustomer" time="43.221" errors="0" timestamp="2023-01-19T13:27:44 IST" skipped="0">
  <testcase classname="com.crm.Actitime.testscript.CreateCustomer" name="CreateCustomer" time="43.221"/>
  <system-out/>
</testsuite> <!-- com.crm.Actitime.testscript.CreateCustomer -->
